0 info it worked if it ends with ok
1 verbose cli [ 'node', '/usr/bin/npm', 'install', '-g', 'bower' ]
2 info using npm@3.5.2
3 info using node@v0.10.37
4 verbose node symlink /usr/bin/node
5 silly loadCurrentTree Starting
6 silly install loadCurrentTree
7 silly install readGlobalPackageData
8 silly fetchPackageMetaData bower
9 silly fetchNamedPackageData bower
10 silly mapToRegistry name bower
11 silly mapToRegistry using default registry
12 silly mapToRegistry registry https://registry.npmjs.org/
13 silly mapToRegistry uri https://registry.npmjs.org/bower
14 verbose request uri https://registry.npmjs.org/bower
15 verbose request no auth needed
16 info attempt registry request try #1 at 12:55:26
17 verbose request id e14dbbdc0078c5b2
18 verbose etag "DIQD8JQ19KYSO63JXFPBKR83D"
19 http request GET https://registry.npmjs.org/bower
20 http 304 https://registry.npmjs.org/bower
21 verbose headers { date: 'Mon, 16 May 2016 07:27:00 GMT',
21 verbose headers   via: '1.1 varnish',
21 verbose headers   'cache-control': 'max-age=300',
21 verbose headers   etag: '"DIQD8JQ19KYSO63JXFPBKR83D"',
21 verbose headers   age: '207',
21 verbose headers   connection: 'keep-alive',
21 verbose headers   'x-served-by': 'cache-sin6926-SIN',
21 verbose headers   'x-cache': 'HIT',
21 verbose headers   'x-cache-hits': '7',
21 verbose headers   'x-timer': 'S1463383620.984153,VS0,VE0',
21 verbose headers   vary: 'Accept-Encoding' }
22 silly get cb [ 304,
22 silly get   { date: 'Mon, 16 May 2016 07:27:00 GMT',
22 silly get     via: '1.1 varnish',
22 silly get     'cache-control': 'max-age=300',
22 silly get     etag: '"DIQD8JQ19KYSO63JXFPBKR83D"',
22 silly get     age: '207',
22 silly get     connection: 'keep-alive',
22 silly get     'x-served-by': 'cache-sin6926-SIN',
22 silly get     'x-cache': 'HIT',
22 silly get     'x-cache-hits': '7',
22 silly get     'x-timer': 'S1463383620.984153,VS0,VE0',
22 silly get     vary: 'Accept-Encoding' } ]
23 verbose etag https://registry.npmjs.org/bower from cache
24 verbose get saving bower to /home/vikashkumar/.npm/registry.npmjs.org/bower/.cache.json
25 silly install normalizeTree
26 silly loadCurrentTree Finishing
27 silly loadIdealTree Starting
28 silly install loadIdealTree
29 silly cloneCurrentTree Starting
30 silly install cloneCurrentTreeToIdealTree
31 silly cloneCurrentTree Finishing
32 silly loadShrinkwrap Starting
33 silly install loadShrinkwrap
34 silly loadShrinkwrap Finishing
35 silly loadAllDepsIntoIdealTree Starting
36 silly install loadAllDepsIntoIdealTree
37 silly resolveWithNewModule bower@1.7.9 checking installable status
38 silly cache add args [ 'bower', null ]
39 verbose cache add spec bower
40 silly cache add parsed spec { raw: 'bower',
40 silly cache add   scope: null,
40 silly cache add   name: 'bower',
40 silly cache add   rawSpec: '',
40 silly cache add   spec: 'latest',
40 silly cache add   type: 'tag' }
41 silly addNamed bower@latest
42 verbose addNamed "latest" is being treated as a dist-tag for bower
43 info addNameTag [ 'bower', 'latest' ]
44 silly mapToRegistry name bower
45 silly mapToRegistry using default registry
46 silly mapToRegistry registry https://registry.npmjs.org/
47 silly mapToRegistry uri https://registry.npmjs.org/bower
48 verbose addNameTag registry:https://registry.npmjs.org/bower not in flight; fetching
49 verbose get https://registry.npmjs.org/bower not expired, no request
50 silly addNameTag next cb for bower with tag latest
51 silly addNamed bower@1.7.9
52 verbose addNamed "1.7.9" is a plain semver version for bower
53 silly cache afterAdd bower@1.7.9
54 verbose afterAdd /home/vikashkumar/.npm/bower/1.7.9/package/package.json not in flight; writing
55 verbose afterAdd /home/vikashkumar/.npm/bower/1.7.9/package/package.json written
56 silly loadAllDepsIntoIdealTree Finishing
57 silly idealTree:prePrune lib
57 silly idealTree:prePrune `-- bower@1.7.9
58 silly loadIdealTree Finishing
59 silly currentTree lib
59 silly currentTree `-- bower@1.7.1
59 silly currentTree   +-- abbrev@1.0.7
59 silly currentTree   +-- archy@1.0.0
59 silly currentTree   +-- bower-config@1.3.0
59 silly currentTree   | +-- graceful-fs@4.1.2
59 silly currentTree   | +-- optimist@0.6.1
59 silly currentTree   | | +-- minimist@0.0.10
59 silly currentTree   | | `-- wordwrap@0.0.3
59 silly currentTree   | +-- osenv@0.1.3
59 silly currentTree   | | +-- os-homedir@1.0.1
59 silly currentTree   | | `-- os-tmpdir@1.0.1
59 silly currentTree   | `-- untildify@2.1.0
59 silly currentTree   |   `-- os-homedir@1.0.1
59 silly currentTree   +-- bower-endpoint-parser@0.2.2
59 silly currentTree   +-- bower-json@0.4.0
59 silly currentTree   | +-- deep-extend@0.2.11
59 silly currentTree   | +-- graceful-fs@2.0.3
59 silly currentTree   | `-- intersect@0.0.3
59 silly currentTree   +-- bower-logger@0.2.2
59 silly currentTree   +-- bower-registry-client@1.0.0
59 silly currentTree   | +-- async@0.2.10
59 silly currentTree   | +-- graceful-fs@4.1.2
59 silly currentTree   | +-- mkdirp@0.3.5
59 silly currentTree   | `-- request-replay@0.2.0
59 silly currentTree   +-- cardinal@0.4.4
59 silly currentTree   | +-- ansicolors@0.2.1
59 silly currentTree   | `-- redeyed@0.4.4
59 silly currentTree   |   `-- esprima@1.0.4
59 silly currentTree   +-- chalk@1.1.1
59 silly currentTree   | +-- ansi-styles@2.1.0
59 silly currentTree   | +-- escape-string-regexp@1.0.3
59 silly currentTree   | +-- has-ansi@2.0.0
59 silly currentTree   | | `-- ansi-regex@2.0.0
59 silly currentTree   | +-- strip-ansi@3.0.0
59 silly currentTree   | | `-- ansi-regex@2.0.0
59 silly currentTree   | `-- supports-color@2.0.0
59 silly currentTree   +-- chmodr@1.0.2
59 silly currentTree   +-- configstore@0.3.2
59 silly currentTree   | +-- js-yaml@3.4.6
59 silly currentTree   | | +-- argparse@1.0.3
59 silly currentTree   | | | +-- lodash@3.10.1
59 silly currentTree   | | | `-- sprintf-js@1.0.3
59 silly currentTree   | | +-- esprima@2.7.1
59 silly currentTree   | | `-- inherit@2.2.2
59 silly currentTree   | +-- object-assign@2.1.1
59 silly currentTree   | +-- osenv@0.1.3
59 silly currentTree   | | +-- os-homedir@1.0.1
59 silly currentTree   | | `-- os-tmpdir@1.0.1
59 silly currentTree   | +-- uuid@2.0.1
59 silly currentTree   | `-- xdg-basedir@1.0.1
59 silly currentTree   +-- decompress-zip@0.1.0
59 silly currentTree   | +-- binary@0.3.0
59 silly currentTree   | | +-- buffers@0.1.1
59 silly currentTree   | | `-- chainsaw@0.1.0
59 silly currentTree   | |   `-- traverse@0.3.9
59 silly currentTree   | +-- mkpath@0.1.0
59 silly currentTree   | +-- readable-stream@1.1.13
59 silly currentTree   | | +-- core-util-is@1.0.2
59 silly currentTree   | | +-- inherits@2.0.1
59 silly currentTree   | | +-- isarray@0.0.1
59 silly currentTree   | | `-- string_decoder@0.10.31
59 silly currentTree   | `-- touch@0.0.3
59 silly currentTree   |   `-- nopt@1.0.10
59 silly currentTree   +-- destroy@1.0.3
59 silly currentTree   +-- fs-write-stream-atomic@1.0.7
59 silly currentTree   | +-- graceful-fs@4.1.2
59 silly currentTree   | +-- iferr@0.1.5
59 silly currentTree   | +-- imurmurhash@0.1.4
59 silly currentTree   | `-- readable-stream@2.0.4
59 silly currentTree   |   +-- core-util-is@1.0.2
59 silly currentTree   |   +-- inherits@2.0.1
59 silly currentTree   |   +-- isarray@0.0.1
59 silly currentTree   |   +-- process-nextick-args@1.0.6
59 silly currentTree   |   +-- string_decoder@0.10.31
59 silly currentTree   |   `-- util-deprecate@1.0.2
59 silly currentTree   +-- fstream-ignore@1.0.3
59 silly currentTree   | +-- inherits@2.0.1
59 silly currentTree   | `-- minimatch@3.0.0
59 silly currentTree   |   `-- brace-expansion@1.1.2
59 silly currentTree   |     +-- balanced-match@0.3.0
59 silly currentTree   |     `-- concat-map@0.0.1
59 silly currentTree   +-- fstream@1.0.8
59 silly currentTree   | +-- graceful-fs@4.1.2
59 silly currentTree   | `-- inherits@2.0.1
59 silly currentTree   +-- github@0.2.4
59 silly currentTree   | `-- mime@1.3.4
59 silly currentTree   +-- glob@4.5.3
59 silly currentTree   | +-- inflight@1.0.4
59 silly currentTree   | | `-- wrappy@1.0.1
59 silly currentTree   | +-- inherits@2.0.1
59 silly currentTree   | +-- minimatch@2.0.10
59 silly currentTree   | | `-- brace-expansion@1.1.2
59 silly currentTree   | |   +-- balanced-match@0.3.0
59 silly currentTree   | |   `-- concat-map@0.0.1
59 silly currentTree   | `-- once@1.3.3
59 silly currentTree   |   `-- wrappy@1.0.1
59 silly currentTree   +-- graceful-fs@3.0.8
59 silly currentTree   +-- handlebars@2.0.0
59 silly currentTree   | +-- optimist@0.3.7
59 silly currentTree   | | `-- wordwrap@0.0.3
59 silly currentTree   | `-- uglify-js@2.3.6
59 silly currentTree   |   +-- async@0.2.10
59 silly currentTree   |   `-- source-map@0.1.43
59 silly currentTree   |     `-- amdefine@1.0.0
59 silly currentTree   +-- inquirer@0.10.0
59 silly currentTree   | +-- ansi-escapes@1.1.0
59 silly currentTree   | +-- ansi-regex@2.0.0
59 silly currentTree   | +-- cli-cursor@1.0.2
59 silly currentTree   | | `-- restore-cursor@1.0.1
59 silly currentTree   | |   +-- exit-hook@1.1.1
59 silly currentTree   | |   `-- onetime@1.0.0
59 silly currentTree   | +-- cli-width@1.1.0
59 silly currentTree   | +-- figures@1.4.0
59 silly currentTree   | +-- lodash@3.10.1
59 silly currentTree   | +-- readline2@1.0.1
59 silly currentTree   | | +-- code-point-at@1.0.0
59 silly currentTree   | | | `-- number-is-nan@1.0.0
59 silly currentTree   | | +-- is-fullwidth-code-point@1.0.0
59 silly currentTree   | | | `-- number-is-nan@1.0.0
59 silly currentTree   | | `-- mute-stream@0.0.5
59 silly currentTree   | +-- run-async@0.1.0
59 silly currentTree   | | `-- once@1.3.3
59 silly currentTree   | |   `-- wrappy@1.0.1
59 silly currentTree   | +-- rx-lite@3.1.2
59 silly currentTree   | +-- strip-ansi@3.0.0
59 silly currentTree   | `-- through@2.3.8
59 silly currentTree   +-- insight@0.7.0
59 silly currentTree   | +-- async@1.5.0
59 silly currentTree   | +-- configstore@1.4.0
59 silly currentTree   | | +-- graceful-fs@4.1.2
59 silly currentTree   | | +-- os-tmpdir@1.0.1
59 silly currentTree   | | +-- osenv@0.1.3
59 silly currentTree   | | | `-- os-homedir@1.0.1
59 silly currentTree   | | +-- uuid@2.0.1
59 silly currentTree   | | +-- write-file-atomic@1.1.4
59 silly currentTree   | | | +-- imurmurhash@0.1.4
59 silly currentTree   | | | `-- slide@1.1.6
59 silly currentTree   | | `-- xdg-basedir@2.0.0
59 silly currentTree   | |   `-- os-homedir@1.0.1
59 silly currentTree   | +-- lodash.debounce@3.1.1
59 silly currentTree   | | `-- lodash._getnative@3.9.1
59 silly currentTree   | +-- object-assign@4.0.1
59 silly currentTree   | +-- os-name@1.0.3
59 silly currentTree   | | +-- osx-release@1.1.0
59 silly currentTree   | | | `-- minimist@1.2.0
59 silly currentTree   | | `-- win-release@1.1.1
59 silly currentTree   | |   `-- semver@5.1.0
59 silly currentTree   | `-- tough-cookie@2.2.1
59 silly currentTree   +-- is-root@1.0.0
59 silly currentTree   +-- junk@1.0.2
59 silly currentTree   +-- lockfile@1.0.1
59 silly currentTree   +-- lru-cache@2.7.3
59 silly currentTree   +-- md5-hex@1.1.0
59 silly currentTree   | `-- md5-o-matic@0.1.1
59 silly currentTree   +-- mkdirp@0.5.0
59 silly currentTree   | `-- minimist@0.0.8
59 silly currentTree   +-- mout@0.11.1
59 silly currentTree   +-- nopt@3.0.6
59 silly currentTree   +-- opn@1.0.2
59 silly currentTree   +-- p-throttler@0.1.1
59 silly currentTree   | `-- q@0.9.7
59 silly currentTree   +-- promptly@0.2.0
59 silly currentTree   | `-- read@1.0.7
59 silly currentTree   |   `-- mute-stream@0.0.5
59 silly currentTree   +-- q@1.4.1
59 silly currentTree   +-- request-progress@0.3.1
59 silly currentTree   | `-- throttleit@0.0.2
59 silly currentTree   +-- request@2.53.0
59 silly currentTree   | +-- aws-sign2@0.5.0
59 silly currentTree   | +-- bl@0.9.4
59 silly currentTree   | | `-- readable-stream@1.0.33
59 silly currentTree   | |   +-- core-util-is@1.0.2
59 silly currentTree   | |   +-- inherits@2.0.1
59 silly currentTree   | |   +-- isarray@0.0.1
59 silly currentTree   | |   `-- string_decoder@0.10.31
59 silly currentTree   | +-- caseless@0.9.0
59 silly currentTree   | +-- combined-stream@0.0.7
59 silly currentTree   | | `-- delayed-stream@0.0.5
59 silly currentTree   | +-- forever-agent@0.5.2
59 silly currentTree   | +-- form-data@0.2.0
59 silly currentTree   | | `-- async@0.9.2
59 silly currentTree   | +-- hawk@2.3.1
59 silly currentTree   | | +-- boom@2.10.1
59 silly currentTree   | | +-- cryptiles@2.0.5
59 silly currentTree   | | +-- hoek@2.16.3
59 silly currentTree   | | `-- sntp@1.0.9
59 silly currentTree   | +-- http-signature@0.10.1
59 silly currentTree   | | +-- asn1@0.1.11
59 silly currentTree   | | +-- assert-plus@0.1.5
59 silly currentTree   | | `-- ctype@0.5.3
59 silly currentTree   | +-- isstream@0.1.2
59 silly currentTree   | +-- json-stringify-safe@5.0.1
59 silly currentTree   | +-- mime-types@2.0.14
59 silly currentTree   | | `-- mime-db@1.12.0
59 silly currentTree   | +-- node-uuid@1.4.7
59 silly currentTree   | +-- oauth-sign@0.6.0
59 silly currentTree   | +-- qs@2.3.3
59 silly currentTree   | +-- stringstream@0.0.5
59 silly currentTree   | +-- tough-cookie@2.2.1
59 silly currentTree   | `-- tunnel-agent@0.4.2
59 silly currentTree   +-- retry@0.6.1
59 silly currentTree   +-- rimraf@2.4.4
59 silly currentTree   | `-- glob@5.0.15
59 silly currentTree   |   +-- inflight@1.0.4
59 silly currentTree   |   | `-- wrappy@1.0.1
59 silly currentTree   |   +-- inherits@2.0.1
59 silly currentTree   |   +-- minimatch@3.0.0
59 silly currentTree   |   | `-- brace-expansion@1.1.2
59 silly currentTree   |   |   +-- balanced-match@0.3.0
59 silly currentTree   |   |   `-- concat-map@0.0.1
59 silly currentTree   |   +-- once@1.3.3
59 silly currentTree   |   | `-- wrappy@1.0.1
59 silly currentTree   |   `-- path-is-absolute@1.0.0
59 silly currentTree   +-- semver-utils@1.1.1
59 silly currentTree   +-- semver@2.3.2
59 silly currentTree   +-- shell-quote@1.4.3
59 silly currentTree   | +-- array-filter@0.0.1
59 silly currentTree   | +-- array-map@0.0.0
59 silly currentTree   | +-- array-reduce@0.0.0
59 silly currentTree   | `-- jsonify@0.0.0
59 silly currentTree   +-- stringify-object@1.0.1
59 silly currentTree   +-- tar-fs@1.8.1
59 silly currentTree   | +-- pump@1.0.1
59 silly currentTree   | | +-- end-of-stream@1.1.0
59 silly currentTree   | | `-- once@1.3.3
59 silly currentTree   | |   `-- wrappy@1.0.1
59 silly currentTree   | `-- tar-stream@1.3.1
59 silly currentTree   |   +-- bl@1.0.0
59 silly currentTree   |   +-- end-of-stream@1.1.0
59 silly currentTree   |   | `-- once@1.3.3
59 silly currentTree   |   |   `-- wrappy@1.0.1
59 silly currentTree   |   +-- readable-stream@2.0.4
59 silly currentTree   |   | +-- core-util-is@1.0.2
59 silly currentTree   |   | +-- inherits@2.0.1
59 silly currentTree   |   | +-- isarray@0.0.1
59 silly currentTree   |   | +-- process-nextick-args@1.0.6
59 silly currentTree   |   | +-- string_decoder@0.10.31
59 silly currentTree   |   | `-- util-deprecate@1.0.2
59 silly currentTree   |   `-- xtend@4.0.1
59 silly currentTree   +-- tmp@0.0.24
59 silly currentTree   +-- update-notifier@0.6.0
59 silly currentTree   | +-- configstore@1.4.0
59 silly currentTree   | | +-- graceful-fs@4.1.2
59 silly currentTree   | | +-- object-assign@4.0.1
59 silly currentTree   | | +-- os-tmpdir@1.0.1
59 silly currentTree   | | +-- osenv@0.1.3
59 silly currentTree   | | | `-- os-homedir@1.0.1
59 silly currentTree   | | +-- uuid@2.0.1
59 silly currentTree   | | +-- write-file-atomic@1.1.4
59 silly currentTree   | | | +-- imurmurhash@0.1.4
59 silly currentTree   | | | `-- slide@1.1.6
59 silly currentTree   | | `-- xdg-basedir@2.0.0
59 silly currentTree   | |   `-- os-homedir@1.0.1
59 silly currentTree   | +-- is-npm@1.0.0
59 silly currentTree   | +-- latest-version@2.0.0
59 silly currentTree   | | `-- package-json@2.3.0
59 silly currentTree   | |   +-- got@5.2.0
59 silly currentTree   | |   | +-- create-error-class@2.0.1
59 silly currentTree   | |   | | +-- capture-stack-trace@1.0.0
59 silly currentTree   | |   | | `-- inherits@2.0.1
59 silly currentTree   | |   | +-- duplexify@3.4.2
59 silly currentTree   | |   | | +-- end-of-stream@1.0.0
59 silly currentTree   | |   | | | `-- once@1.3.3
59 silly currentTree   | |   | | |   `-- wrappy@1.0.1
59 silly currentTree   | |   | | `-- readable-stream@2.0.4
59 silly currentTree   | |   | |   +-- core-util-is@1.0.2
59 silly currentTree   | |   | |   +-- inherits@2.0.1
59 silly currentTree   | |   | |   +-- isarray@0.0.1
59 silly currentTree   | |   | |   +-- process-nextick-args@1.0.6
59 silly currentTree   | |   | |   +-- string_decoder@0.10.31
59 silly currentTree   | |   | |   `-- util-deprecate@1.0.2
59 silly currentTree   | |   | +-- is-plain-obj@1.1.0
59 silly currentTree   | |   | +-- is-redirect@1.0.0
59 silly currentTree   | |   | +-- is-stream@1.0.1
59 silly currentTree   | |   | +-- lowercase-keys@1.0.0
59 silly currentTree   | |   | +-- node-status-codes@1.0.0
59 silly currentTree   | |   | +-- object-assign@4.0.1
59 silly currentTree   | |   | +-- parse-json@2.2.0
59 silly currentTree   | |   | | `-- error-ex@1.3.0
59 silly currentTree   | |   | |   `-- is-arrayish@0.2.1
59 silly currentTree   | |   | +-- pinkie-promise@2.0.0
59 silly currentTree   | |   | | `-- pinkie@2.0.1
59 silly currentTree   | |   | +-- read-all-stream@3.0.1
59 silly currentTree   | |   | | +-- pinkie-promise@1.0.0
59 silly currentTree   | |   | | | `-- pinkie@1.0.0
59 silly currentTree   | |   | | `-- readable-stream@2.0.4
59 silly currentTree   | |   | |   +-- core-util-is@1.0.2
59 silly currentTree   | |   | |   +-- inherits@2.0.1
59 silly currentTree   | |   | |   +-- isarray@0.0.1
59 silly currentTree   | |   | |   +-- process-nextick-args@1.0.6
59 silly currentTree   | |   | |   +-- string_decoder@0.10.31
59 silly currentTree   | |   | |   `-- util-deprecate@1.0.2
59 silly currentTree   | |   | +-- timed-out@2.0.0
59 silly currentTree   | |   | +-- unzip-response@1.0.0
59 silly currentTree   | |   | `-- url-parse-lax@1.0.0
59 silly currentTree   | |   |   `-- prepend-http@1.0.3
59 silly currentTree   | |   +-- rc@1.1.5
59 silly currentTree   | |   | +-- deep-extend@0.4.0
59 silly currentTree   | |   | +-- ini@1.3.4
59 silly currentTree   | |   | +-- minimist@1.2.0
59 silly currentTree   | |   | `-- strip-json-comments@1.0.4
59 silly currentTree   | |   +-- registry-url@3.0.3
59 silly currentTree   | |   `-- semver@5.1.0
59 silly currentTree   | +-- repeating@2.0.0
59 silly currentTree   | | `-- is-finite@1.0.1
59 silly currentTree   | |   `-- number-is-nan@1.0.0
59 silly currentTree   | +-- semver-diff@2.1.0
59 silly currentTree   | | `-- semver@5.1.0
59 silly currentTree   | `-- string-length@1.0.1
59 silly currentTree   |   `-- strip-ansi@3.0.0
59 silly currentTree   |     `-- ansi-regex@2.0.0
59 silly currentTree   +-- user-home@1.1.1
59 silly currentTree   `-- which@1.2.0
59 silly currentTree     `-- is-absolute@0.1.7
59 silly currentTree       `-- is-relative@0.1.3
60 silly idealTree lib
60 silly idealTree `-- bower@1.7.9
61 silly generateActionsToTake Starting
62 silly install generateActionsToTake
63 warn checkPermissions Missing write access to /usr/lib/node_modules/bower/node_modules/abbrev
64 warn checkPermissions Missing write access to /usr/lib/node_modules/bower/node_modules/archy
65 warn checkPermissions Missing write access to /usr/lib/node_modules/bower/node_modules/bower-config/node_modules/graceful-fs
66 warn checkPermissions Missing write access to /usr/lib/node_modules/bower/node_modules/bower-config/node_modules/optimist/node_modules/minimist
67 warn checkPermissions Missing write access to /usr/lib/node_modules/bower/node_modules/bower-config/node_modules/optimist/node_modules/wordwrap
68 warn checkPermissions Missing write access to /usr/lib/node_modules/bower/node_modules/bower-config/node_modules/optimist
69 warn checkPermissions Missing write access to /usr/lib/node_modules/bower/node_modules/bower-config/node_modules/osenv/node_modules/os-homedir
70 warn checkPermissions Missing write access to /usr/lib/node_modules/bower/node_modules/bower-config/node_modules/osenv/node_modules/os-tmpdir
71 warn checkPermissions Missing write access to /usr/lib/node_modules/bower/node_modules/bower-config/node_modules/osenv
72 warn checkPermissions Missing write access to /usr/lib/node_modules/bower/node_modules/bower-config/node_modules/untildify/node_modules/os-homedir
73 warn checkPermissions Missing write access to /usr/lib/node_modules/bower/node_modules/bower-config/node_modules/untildify
74 warn checkPermissions Missing write access to /usr/lib/node_modules/bower/node_modules/bower-endpoint-parser
75 warn checkPermissions Missing write access to /usr/lib/node_modules/bower/node_modules/bower-json/node_modules/deep-extend
76 warn checkPermissions Missing write access to /usr/lib/node_modules/bower/node_modules/bower-json/node_modules/graceful-fs
77 warn checkPermissions Missing write access to /usr/lib/node_modules/bower/node_modules/bower-json/node_modules/intersect
78 warn checkPermissions Missing write access to /usr/lib/node_modules/bower/node_modules/bower-json
79 warn checkPermissions Missing write access to /usr/lib/node_modules/bower/node_modules/bower-logger
80 warn checkPermissions Missing write access to /usr/lib/node_modules/bower/node_modules/bower-registry-client/node_modules/async
81 warn checkPermissions Missing write access to /usr/lib/node_modules/bower/node_modules/bower-registry-client/node_modules/graceful-fs
82 warn checkPermissions Missing write access to /usr/lib/node_modules/bower/node_modules/bower-registry-client/node_modules/mkdirp
83 warn checkPermissions Missing write access to /usr/lib/node_modules/bower/node_modules/cardinal/node_modules/ansicolors
84 warn checkPermissions Missing write access to /usr/lib/node_modules/bower/node_modules/cardinal/node_modules/redeyed
85 warn checkPermissions Missing write access to /usr/lib/node_modules/bower/node_modules/cardinal/node_modules/redeyed/node_modules/esprima
86 warn checkPermissions Missing write access to /usr/lib/node_modules/bower/node_modules/cardinal
87 warn checkPermissions Missing write access to /usr/lib/node_modules/bower/node_modules/chalk/node_modules/ansi-styles
88 warn checkPermissions Missing write access to /usr/lib/node_modules/bower/node_modules/chalk/node_modules/escape-string-regexp
89 warn checkPermissions Missing write access to /usr/lib/node_modules/bower/node_modules/chalk/node_modules/has-ansi
90 warn checkPermissions Missing write access to /usr/lib/node_modules/bower/node_modules/chalk/node_modules/has-ansi/node_modules/ansi-regex
91 warn checkPermissions Missing write access to /usr/lib/node_modules/bower/node_modules/chalk/node_modules/strip-ansi/node_modules/ansi-regex
92 warn checkPermissions Missing write access to /usr/lib/node_modules/bower/node_modules/chalk/node_modules/strip-ansi
93 warn checkPermissions Missing write access to /usr/lib/node_modules/bower/node_modules/chalk/node_modules/supports-color
94 warn checkPermissions Missing write access to /usr/lib/node_modules/bower/node_modules/chalk
95 warn checkPermissions Missing write access to /usr/lib/node_modules/bower/node_modules/chmodr
96 warn checkPermissions Missing write access to /usr/lib/node_modules/bower/node_modules/configstore/node_modules/js-yaml/node_modules/argparse/node_modules/lodash
97 warn checkPermissions Missing write access to /usr/lib/node_modules/bower/node_modules/configstore/node_modules/js-yaml/node_modules/argparse/node_modules/sprintf-js
98 warn checkPermissions Missing write access to /usr/lib/node_modules/bower/node_modules/configstore/node_modules/js-yaml/node_modules/argparse
99 warn checkPermissions Missing write access to /usr/lib/node_modules/bower/node_modules/configstore/node_modules/js-yaml/node_modules/esprima
100 warn checkPermissions Missing write access to /usr/lib/node_modules/bower/node_modules/configstore/node_modules/js-yaml/node_modules/inherit
101 warn checkPermissions Missing write access to /usr/lib/node_modules/bower/node_modules/configstore/node_modules/js-yaml
102 warn checkPermissions Missing write access to /usr/lib/node_modules/bower/node_modules/configstore/node_modules/object-assign
103 warn checkPermissions Missing write access to /usr/lib/node_modules/bower/node_modules/configstore/node_modules/osenv/node_modules/os-homedir
104 warn checkPermissions Missing write access to /usr/lib/node_modules/bower/node_modules/configstore/node_modules/osenv/node_modules/os-tmpdir
105 warn checkPermissions Missing write access to /usr/lib/node_modules/bower/node_modules/configstore/node_modules/osenv
106 warn checkPermissions Missing write access to /usr/lib/node_modules/bower/node_modules/configstore/node_modules/uuid
107 warn checkPermissions Missing write access to /usr/lib/node_modules/bower/node_modules/decompress-zip/node_modules/binary/node_modules/buffers
108 warn checkPermissions Missing write access to /usr/lib/node_modules/bower/node_modules/decompress-zip/node_modules/binary/node_modules/chainsaw/node_modules/traverse
109 warn checkPermissions Missing write access to /usr/lib/node_modules/bower/node_modules/decompress-zip/node_modules/binary/node_modules/chainsaw
110 warn checkPermissions Missing write access to /usr/lib/node_modules/bower/node_modules/decompress-zip/node_modules/binary
111 warn checkPermissions Missing write access to /usr/lib/node_modules/bower/node_modules/decompress-zip/node_modules/mkpath
112 warn checkPermissions Missing write access to /usr/lib/node_modules/bower/node_modules/decompress-zip/node_modules/readable-stream/node_modules/core-util-is
113 warn checkPermissions Missing write access to /usr/lib/node_modules/bower/node_modules/decompress-zip/node_modules/readable-stream/node_modules/inherits
114 warn checkPermissions Missing write access to /usr/lib/node_modules/bower/node_modules/decompress-zip/node_modules/readable-stream/node_modules/isarray
115 warn checkPermissions Missing write access to /usr/lib/node_modules/bower/node_modules/decompress-zip/node_modules/readable-stream/node_modules/string_decoder
116 warn checkPermissions Missing write access to /usr/lib/node_modules/bower/node_modules/decompress-zip/node_modules/readable-stream
117 warn checkPermissions Missing write access to /usr/lib/node_modules/bower/node_modules/decompress-zip/node_modules/touch/node_modules/nopt
118 warn checkPermissions Missing write access to /usr/lib/node_modules/bower/node_modules/decompress-zip/node_modules/touch
119 warn checkPermissions Missing write access to /usr/lib/node_modules/bower/node_modules/destroy
120 warn checkPermissions Missing write access to /usr/lib/node_modules/bower/node_modules/fs-write-stream-atomic/node_modules/graceful-fs
121 warn checkPermissions Missing write access to /usr/lib/node_modules/bower/node_modules/fs-write-stream-atomic/node_modules/iferr
122 warn checkPermissions Missing write access to /usr/lib/node_modules/bower/node_modules/fs-write-stream-atomic/node_modules/imurmurhash
123 warn checkPermissions Missing write access to /usr/lib/node_modules/bower/node_modules/fs-write-stream-atomic/node_modules/readable-stream/node_modules/core-util-is
124 warn checkPermissions Missing write access to /usr/lib/node_modules/bower/node_modules/fs-write-stream-atomic/node_modules/readable-stream/node_modules/inherits
125 warn checkPermissions Missing write access to /usr/lib/node_modules/bower/node_modules/fs-write-stream-atomic/node_modules/readable-stream/node_modules/isarray
126 warn checkPermissions Missing write access to /usr/lib/node_modules/bower/node_modules/fs-write-stream-atomic/node_modules/readable-stream/node_modules/process-nextick-args
127 warn checkPermissions Missing write access to /usr/lib/node_modules/bower/node_modules/fs-write-stream-atomic/node_modules/readable-stream/node_modules/string_decoder
128 warn checkPermissions Missing write access to /usr/lib/node_modules/bower/node_modules/fs-write-stream-atomic/node_modules/readable-stream/node_modules/util-deprecate
129 warn checkPermissions Missing write access to /usr/lib/node_modules/bower/node_modules/fs-write-stream-atomic/node_modules/readable-stream
130 warn checkPermissions Missing write access to /usr/lib/node_modules/bower/node_modules/fs-write-stream-atomic
131 warn checkPermissions Missing write access to /usr/lib/node_modules/bower/node_modules/fstream-ignore/node_modules/inherits
132 warn checkPermissions Missing write access to /usr/lib/node_modules/bower/node_modules/fstream-ignore/node_modules/minimatch/node_modules/brace-expansion/node_modules/balanced-match
133 warn checkPermissions Missing write access to /usr/lib/node_modules/bower/node_modules/fstream-ignore/node_modules/minimatch/node_modules/brace-expansion/node_modules/concat-map
134 warn checkPermissions Missing write access to /usr/lib/node_modules/bower/node_modules/fstream-ignore/node_modules/minimatch/node_modules/brace-expansion
135 warn checkPermissions Missing write access to /usr/lib/node_modules/bower/node_modules/fstream-ignore/node_modules/minimatch
136 warn checkPermissions Missing write access to /usr/lib/node_modules/bower/node_modules/fstream/node_modules/graceful-fs
137 warn checkPermissions Missing write access to /usr/lib/node_modules/bower/node_modules/fstream/node_modules/inherits
138 warn checkPermissions Missing write access to /usr/lib/node_modules/bower/node_modules/github/node_modules/mime
139 warn checkPermissions Missing write access to /usr/lib/node_modules/bower/node_modules/github
140 warn checkPermissions Missing write access to /usr/lib/node_modules/bower/node_modules/glob/node_modules/inflight/node_modules/wrappy
141 warn checkPermissions Missing write access to /usr/lib/node_modules/bower/node_modules/glob/node_modules/inherits
142 warn checkPermissions Missing write access to /usr/lib/node_modules/bower/node_modules/glob/node_modules/minimatch/node_modules/brace-expansion/node_modules/balanced-match
143 warn checkPermissions Missing write access to /usr/lib/node_modules/bower/node_modules/glob/node_modules/minimatch/node_modules/brace-expansion/node_modules/concat-map
144 warn checkPermissions Missing write access to /usr/lib/node_modules/bower/node_modules/glob/node_modules/minimatch/node_modules/brace-expansion
145 warn checkPermissions Missing write access to /usr/lib/node_modules/bower/node_modules/glob/node_modules/minimatch
146 warn checkPermissions Missing write access to /usr/lib/node_modules/bower/node_modules/glob/node_modules/once/node_modules/wrappy
147 warn checkPermissions Missing write access to /usr/lib/node_modules/bower/node_modules/glob/node_modules/once
148 warn checkPermissions Missing write access to /usr/lib/node_modules/bower/node_modules/glob/node_modules/inflight
149 warn checkPermissions Missing write access to /usr/lib/node_modules/bower/node_modules/glob
150 warn checkPermissions Missing write access to /usr/lib/node_modules/bower/node_modules/graceful-fs
151 warn checkPermissions Missing write access to /usr/lib/node_modules/bower/node_modules/handlebars/node_modules/optimist/node_modules/wordwrap
152 warn checkPermissions Missing write access to /usr/lib/node_modules/bower/node_modules/handlebars/node_modules/optimist
153 warn checkPermissions Missing write access to /usr/lib/node_modules/bower/node_modules/handlebars/node_modules/uglify-js/node_modules/async
154 warn checkPermissions Missing write access to /usr/lib/node_modules/bower/node_modules/handlebars/node_modules/uglify-js/node_modules/source-map/node_modules/amdefine
155 warn checkPermissions Missing write access to /usr/lib/node_modules/bower/node_modules/handlebars/node_modules/uglify-js/node_modules/source-map
156 warn checkPermissions Missing write access to /usr/lib/node_modules/bower/node_modules/handlebars/node_modules/uglify-js
157 warn checkPermissions Missing write access to /usr/lib/node_modules/bower/node_modules/handlebars
158 warn checkPermissions Missing write access to /usr/lib/node_modules/bower/node_modules/inquirer/node_modules/ansi-escapes
159 warn checkPermissions Missing write access to /usr/lib/node_modules/bower/node_modules/inquirer/node_modules/ansi-regex
160 warn checkPermissions Missing write access to /usr/lib/node_modules/bower/node_modules/inquirer/node_modules/cli-cursor/node_modules/restore-cursor/node_modules/exit-hook
161 warn checkPermissions Missing write access to /usr/lib/node_modules/bower/node_modules/inquirer/node_modules/cli-cursor/node_modules/restore-cursor/node_modules/onetime
162 warn checkPermissions Missing write access to /usr/lib/node_modules/bower/node_modules/inquirer/node_modules/cli-cursor/node_modules/restore-cursor
163 warn checkPermissions Missing write access to /usr/lib/node_modules/bower/node_modules/inquirer/node_modules/cli-cursor
164 warn checkPermissions Missing write access to /usr/lib/node_modules/bower/node_modules/inquirer/node_modules/cli-width
165 warn checkPermissions Missing write access to /usr/lib/node_modules/bower/node_modules/inquirer/node_modules/figures
166 warn checkPermissions Missing write access to /usr/lib/node_modules/bower/node_modules/inquirer/node_modules/lodash
167 warn checkPermissions Missing write access to /usr/lib/node_modules/bower/node_modules/inquirer/node_modules/readline2/node_modules/code-point-at/node_modules/number-is-nan
168 warn checkPermissions Missing write access to /usr/lib/node_modules/bower/node_modules/inquirer/node_modules/readline2/node_modules/code-point-at
169 warn checkPermissions Missing write access to /usr/lib/node_modules/bower/node_modules/inquirer/node_modules/readline2/node_modules/is-fullwidth-code-point/node_modules/number-is-nan
170 warn checkPermissions Missing write access to /usr/lib/node_modules/bower/node_modules/inquirer/node_modules/readline2/node_modules/is-fullwidth-code-point
171 warn checkPermissions Missing write access to /usr/lib/node_modules/bower/node_modules/inquirer/node_modules/readline2/node_modules/mute-stream
172 warn checkPermissions Missing write access to /usr/lib/node_modules/bower/node_modules/inquirer/node_modules/readline2
173 warn checkPermissions Missing write access to /usr/lib/node_modules/bower/node_modules/inquirer/node_modules/run-async/node_modules/once/node_modules/wrappy
174 warn checkPermissions Missing write access to /usr/lib/node_modules/bower/node_modules/inquirer/node_modules/run-async/node_modules/once
175 warn checkPermissions Missing write access to /usr/lib/node_modules/bower/node_modules/inquirer/node_modules/run-async
176 warn checkPermissions Missing write access to /usr/lib/node_modules/bower/node_modules/inquirer/node_modules/rx-lite
177 warn checkPermissions Missing write access to /usr/lib/node_modules/bower/node_modules/inquirer/node_modules/strip-ansi
178 warn checkPermissions Missing write access to /usr/lib/node_modules/bower/node_modules/inquirer/node_modules/through
179 warn checkPermissions Missing write access to /usr/lib/node_modules/bower/node_modules/inquirer
180 warn checkPermissions Missing write access to /usr/lib/node_modules/bower/node_modules/insight/node_modules/async
181 warn checkPermissions Missing write access to /usr/lib/node_modules/bower/node_modules/insight/node_modules/configstore/node_modules/graceful-fs
182 warn checkPermissions Missing write access to /usr/lib/node_modules/bower/node_modules/insight/node_modules/configstore/node_modules/os-tmpdir
183 warn checkPermissions Missing write access to /usr/lib/node_modules/bower/node_modules/insight/node_modules/configstore/node_modules/osenv/node_modules/os-homedir
184 warn checkPermissions Missing write access to /usr/lib/node_modules/bower/node_modules/insight/node_modules/configstore/node_modules/osenv
185 warn checkPermissions Missing write access to /usr/lib/node_modules/bower/node_modules/insight/node_modules/configstore/node_modules/uuid
186 warn checkPermissions Missing write access to /usr/lib/node_modules/bower/node_modules/insight/node_modules/configstore/node_modules/write-file-atomic/node_modules/imurmurhash
187 warn checkPermissions Missing write access to /usr/lib/node_modules/bower/node_modules/insight/node_modules/configstore/node_modules/write-file-atomic/node_modules/slide
188 warn checkPermissions Missing write access to /usr/lib/node_modules/bower/node_modules/insight/node_modules/configstore/node_modules/write-file-atomic
189 warn checkPermissions Missing write access to /usr/lib/node_modules/bower/node_modules/insight/node_modules/configstore/node_modules/xdg-basedir/node_modules/os-homedir
190 warn checkPermissions Missing write access to /usr/lib/node_modules/bower/node_modules/insight/node_modules/configstore/node_modules/xdg-basedir
191 warn checkPermissions Missing write access to /usr/lib/node_modules/bower/node_modules/insight/node_modules/lodash.debounce/node_modules/lodash._getnative
192 warn checkPermissions Missing write access to /usr/lib/node_modules/bower/node_modules/insight/node_modules/lodash.debounce
193 warn checkPermissions Missing write access to /usr/lib/node_modules/bower/node_modules/insight/node_modules/object-assign
194 warn checkPermissions Missing write access to /usr/lib/node_modules/bower/node_modules/insight/node_modules/os-name/node_modules/osx-release/node_modules/minimist
195 warn checkPermissions Missing write access to /usr/lib/node_modules/bower/node_modules/insight/node_modules/os-name/node_modules/osx-release
196 warn checkPermissions Missing write access to /usr/lib/node_modules/bower/node_modules/insight/node_modules/os-name/node_modules/win-release/node_modules/semver
197 warn checkPermissions Missing write access to /usr/lib/node_modules/bower/node_modules/insight/node_modules/os-name/node_modules/win-release
198 warn checkPermissions Missing write access to /usr/lib/node_modules/bower/node_modules/insight/node_modules/os-name
199 warn checkPermissions Missing write access to /usr/lib/node_modules/bower/node_modules/insight/node_modules/tough-cookie
200 warn checkPermissions Missing write access to /usr/lib/node_modules/bower/node_modules/is-root
201 warn checkPermissions Missing write access to /usr/lib/node_modules/bower/node_modules/junk
202 warn checkPermissions Missing write access to /usr/lib/node_modules/bower/node_modules/lockfile
203 warn checkPermissions Missing write access to /usr/lib/node_modules/bower/node_modules/lru-cache
204 warn checkPermissions Missing write access to /usr/lib/node_modules/bower/node_modules/md5-hex/node_modules/md5-o-matic
205 warn checkPermissions Missing write access to /usr/lib/node_modules/bower/node_modules/md5-hex
206 warn checkPermissions Missing write access to /usr/lib/node_modules/bower/node_modules/mkdirp/node_modules/minimist
207 warn checkPermissions Missing write access to /usr/lib/node_modules/bower/node_modules/mkdirp
208 warn checkPermissions Missing write access to /usr/lib/node_modules/bower/node_modules/insight/node_modules/configstore
209 warn checkPermissions Missing write access to /usr/lib/node_modules/bower/node_modules/mout
210 warn checkPermissions Missing write access to /usr/lib/node_modules/bower/node_modules/bower-config
211 warn checkPermissions Missing write access to /usr/lib/node_modules/bower/node_modules/nopt
212 warn checkPermissions Missing write access to /usr/lib/node_modules/bower/node_modules/opn
213 warn checkPermissions Missing write access to /usr/lib/node_modules/bower/node_modules/p-throttler/node_modules/q
214 warn checkPermissions Missing write access to /usr/lib/node_modules/bower/node_modules/p-throttler
215 warn checkPermissions Missing write access to /usr/lib/node_modules/bower/node_modules/promptly/node_modules/read/node_modules/mute-stream
216 warn checkPermissions Missing write access to /usr/lib/node_modules/bower/node_modules/promptly/node_modules/read
217 warn checkPermissions Missing write access to /usr/lib/node_modules/bower/node_modules/promptly
218 warn checkPermissions Missing write access to /usr/lib/node_modules/bower/node_modules/q
219 warn checkPermissions Missing write access to /usr/lib/node_modules/bower/node_modules/decompress-zip
220 warn checkPermissions Missing write access to /usr/lib/node_modules/bower/node_modules/request-progress/node_modules/throttleit
221 warn checkPermissions Missing write access to /usr/lib/node_modules/bower/node_modules/request-progress
222 warn checkPermissions Missing write access to /usr/lib/node_modules/bower/node_modules/request/node_modules/aws-sign2
223 warn checkPermissions Missing write access to /usr/lib/node_modules/bower/node_modules/request/node_modules/bl/node_modules/readable-stream/node_modules/core-util-is
224 warn checkPermissions Missing write access to /usr/lib/node_modules/bower/node_modules/request/node_modules/bl/node_modules/readable-stream/node_modules/inherits
225 warn checkPermissions Missing write access to /usr/lib/node_modules/bower/node_modules/request/node_modules/bl/node_modules/readable-stream/node_modules/isarray
226 warn checkPermissions Missing write access to /usr/lib/node_modules/bower/node_modules/request/node_modules/bl/node_modules/readable-stream/node_modules/string_decoder
227 warn checkPermissions Missing write access to /usr/lib/node_modules/bower/node_modules/request/node_modules/bl/node_modules/readable-stream
228 warn checkPermissions Missing write access to /usr/lib/node_modules/bower/node_modules/request/node_modules/bl
229 warn checkPermissions Missing write access to /usr/lib/node_modules/bower/node_modules/request/node_modules/caseless
230 warn checkPermissions Missing write access to /usr/lib/node_modules/bower/node_modules/request/node_modules/combined-stream/node_modules/delayed-stream
231 warn checkPermissions Missing write access to /usr/lib/node_modules/bower/node_modules/request/node_modules/combined-stream
232 warn checkPermissions Missing write access to /usr/lib/node_modules/bower/node_modules/request/node_modules/forever-agent
233 warn checkPermissions Missing write access to /usr/lib/node_modules/bower/node_modules/request/node_modules/form-data/node_modules/async
234 warn checkPermissions Missing write access to /usr/lib/node_modules/bower/node_modules/request/node_modules/hawk/node_modules/hoek
235 warn checkPermissions Missing write access to /usr/lib/node_modules/bower/node_modules/request/node_modules/hawk/node_modules/boom
236 warn checkPermissions Missing write access to /usr/lib/node_modules/bower/node_modules/request/node_modules/hawk/node_modules/cryptiles
237 warn checkPermissions Missing write access to /usr/lib/node_modules/bower/node_modules/request/node_modules/hawk/node_modules/sntp
238 warn checkPermissions Missing write access to /usr/lib/node_modules/bower/node_modules/request/node_modules/hawk
239 warn checkPermissions Missing write access to /usr/lib/node_modules/bower/node_modules/request/node_modules/http-signature/node_modules/asn1
240 warn checkPermissions Missing write access to /usr/lib/node_modules/bower/node_modules/request/node_modules/http-signature/node_modules/assert-plus
241 warn checkPermissions Missing write access to /usr/lib/node_modules/bower/node_modules/request/node_modules/http-signature/node_modules/ctype
242 warn checkPermissions Missing write access to /usr/lib/node_modules/bower/node_modules/request/node_modules/http-signature
243 warn checkPermissions Missing write access to /usr/lib/node_modules/bower/node_modules/request/node_modules/isstream
244 warn checkPermissions Missing write access to /usr/lib/node_modules/bower/node_modules/request/node_modules/json-stringify-safe
245 warn checkPermissions Missing write access to /usr/lib/node_modules/bower/node_modules/request/node_modules/mime-types/node_modules/mime-db
246 warn checkPermissions Missing write access to /usr/lib/node_modules/bower/node_modules/request/node_modules/mime-types
247 warn checkPermissions Missing write access to /usr/lib/node_modules/bower/node_modules/request/node_modules/form-data
248 warn checkPermissions Missing write access to /usr/lib/node_modules/bower/node_modules/request/node_modules/node-uuid
249 warn checkPermissions Missing write access to /usr/lib/node_modules/bower/node_modules/request/node_modules/oauth-sign
250 warn checkPermissions Missing write access to /usr/lib/node_modules/bower/node_modules/request/node_modules/qs
251 warn checkPermissions Missing write access to /usr/lib/node_modules/bower/node_modules/request/node_modules/stringstream
252 warn checkPermissions Missing write access to /usr/lib/node_modules/bower/node_modules/request/node_modules/tough-cookie
253 warn checkPermissions Missing write access to /usr/lib/node_modules/bower/node_modules/request/node_modules/tunnel-agent
254 warn checkPermissions Missing write access to /usr/lib/node_modules/bower/node_modules/request
255 warn checkPermissions Missing write access to /usr/lib/node_modules/bower/node_modules/insight
256 warn checkPermissions Missing write access to /usr/lib/node_modules/bower/node_modules/retry
257 warn checkPermissions Missing write access to /usr/lib/node_modules/bower/node_modules/bower-registry-client/node_modules/request-replay
258 warn checkPermissions Missing write access to /usr/lib/node_modules/bower/node_modules/rimraf/node_modules/glob/node_modules/inflight/node_modules/wrappy
259 warn checkPermissions Missing write access to /usr/lib/node_modules/bower/node_modules/rimraf/node_modules/glob/node_modules/inherits
260 warn checkPermissions Missing write access to /usr/lib/node_modules/bower/node_modules/rimraf/node_modules/glob/node_modules/minimatch/node_modules/brace-expansion/node_modules/balanced-match
261 warn checkPermissions Missing write access to /usr/lib/node_modules/bower/node_modules/rimraf/node_modules/glob/node_modules/minimatch/node_modules/brace-expansion/node_modules/concat-map
262 warn checkPermissions Missing write access to /usr/lib/node_modules/bower/node_modules/rimraf/node_modules/glob/node_modules/minimatch/node_modules/brace-expansion
263 warn checkPermissions Missing write access to /usr/lib/node_modules/bower/node_modules/rimraf/node_modules/glob/node_modules/minimatch
264 warn checkPermissions Missing write access to /usr/lib/node_modules/bower/node_modules/rimraf/node_modules/glob/node_modules/once/node_modules/wrappy
265 warn checkPermissions Missing write access to /usr/lib/node_modules/bower/node_modules/rimraf/node_modules/glob/node_modules/once
266 warn checkPermissions Missing write access to /usr/lib/node_modules/bower/node_modules/rimraf/node_modules/glob/node_modules/inflight
267 warn checkPermissions Missing write access to /usr/lib/node_modules/bower/node_modules/rimraf/node_modules/glob/node_modules/path-is-absolute
268 warn checkPermissions Missing write access to /usr/lib/node_modules/bower/node_modules/rimraf/node_modules/glob
269 warn checkPermissions Missing write access to /usr/lib/node_modules/bower/node_modules/rimraf
270 warn checkPermissions Missing write access to /usr/lib/node_modules/bower/node_modules/fstream
271 warn checkPermissions Missing write access to /usr/lib/node_modules/bower/node_modules/fstream-ignore
272 warn checkPermissions Missing write access to /usr/lib/node_modules/bower/node_modules/bower-registry-client
273 warn checkPermissions Missing write access to /usr/lib/node_modules/bower/node_modules/semver
274 warn checkPermissions Missing write access to /usr/lib/node_modules/bower/node_modules/semver-utils
275 warn checkPermissions Missing write access to /usr/lib/node_modules/bower/node_modules/shell-quote/node_modules/array-filter
276 warn checkPermissions Missing write access to /usr/lib/node_modules/bower/node_modules/shell-quote/node_modules/array-map
277 warn checkPermissions Missing write access to /usr/lib/node_modules/bower/node_modules/shell-quote/node_modules/array-reduce
278 warn checkPermissions Missing write access to /usr/lib/node_modules/bower/node_modules/shell-quote/node_modules/jsonify
279 warn checkPermissions Missing write access to /usr/lib/node_modules/bower/node_modules/shell-quote
280 warn checkPermissions Missing write access to /usr/lib/node_modules/bower/node_modules/stringify-object
281 warn checkPermissions Missing write access to /usr/lib/node_modules/bower/node_modules/tar-fs/node_modules/pump/node_modules/once/node_modules/wrappy
282 warn checkPermissions Missing write access to /usr/lib/node_modules/bower/node_modules/tar-fs/node_modules/pump/node_modules/once
283 warn checkPermissions Missing write access to /usr/lib/node_modules/bower/node_modules/tar-fs/node_modules/pump/node_modules/end-of-stream
284 warn checkPermissions Missing write access to /usr/lib/node_modules/bower/node_modules/tar-fs/node_modules/pump
285 warn checkPermissions Missing write access to /usr/lib/node_modules/bower/node_modules/tar-fs/node_modules/tar-stream/node_modules/end-of-stream/node_modules/once/node_modules/wrappy
286 warn checkPermissions Missing write access to /usr/lib/node_modules/bower/node_modules/tar-fs/node_modules/tar-stream/node_modules/end-of-stream/node_modules/once
287 warn checkPermissions Missing write access to /usr/lib/node_modules/bower/node_modules/tar-fs/node_modules/tar-stream/node_modules/end-of-stream
288 warn checkPermissions Missing write access to /usr/lib/node_modules/bower/node_modules/tar-fs/node_modules/tar-stream/node_modules/readable-stream/node_modules/core-util-is
289 warn checkPermissions Missing write access to /usr/lib/node_modules/bower/node_modules/tar-fs/node_modules/tar-stream/node_modules/readable-stream/node_modules/inherits
290 warn checkPermissions Missing write access to /usr/lib/node_modules/bower/node_modules/tar-fs/node_modules/tar-stream/node_modules/readable-stream/node_modules/isarray
291 warn checkPermissions Missing write access to /usr/lib/node_modules/bower/node_modules/tar-fs/node_modules/tar-stream/node_modules/readable-stream/node_modules/process-nextick-args
292 warn checkPermissions Missing write access to /usr/lib/node_modules/bower/node_modules/tar-fs/node_modules/tar-stream/node_modules/readable-stream/node_modules/string_decoder
293 warn checkPermissions Missing write access to /usr/lib/node_modules/bower/node_modules/tar-fs/node_modules/tar-stream/node_modules/readable-stream/node_modules/util-deprecate
294 warn checkPermissions Missing write access to /usr/lib/node_modules/bower/node_modules/tar-fs/node_modules/tar-stream/node_modules/readable-stream
295 warn checkPermissions Missing write access to /usr/lib/node_modules/bower/node_modules/tar-fs/node_modules/tar-stream/node_modules/bl
296 warn checkPermissions Missing write access to /usr/lib/node_modules/bower/node_modules/tar-fs/node_modules/tar-stream/node_modules/xtend
297 warn checkPermissions Missing write access to /usr/lib/node_modules/bower/node_modules/tar-fs/node_modules/tar-stream
298 warn checkPermissions Missing write access to /usr/lib/node_modules/bower/node_modules/tar-fs
299 warn checkPermissions Missing write access to /usr/lib/node_modules/bower/node_modules/tmp
300 warn checkPermissions Missing write access to /usr/lib/node_modules/bower/node_modules/update-notifier/node_modules/configstore/node_modules/graceful-fs
301 warn checkPermissions Missing write access to /usr/lib/node_modules/bower/node_modules/update-notifier/node_modules/configstore/node_modules/object-assign
302 warn checkPermissions Missing write access to /usr/lib/node_modules/bower/node_modules/update-notifier/node_modules/configstore/node_modules/os-tmpdir
303 warn checkPermissions Missing write access to /usr/lib/node_modules/bower/node_modules/update-notifier/node_modules/configstore/node_modules/osenv/node_modules/os-homedir
304 warn checkPermissions Missing write access to /usr/lib/node_modules/bower/node_modules/update-notifier/node_modules/configstore/node_modules/osenv
305 warn checkPermissions Missing write access to /usr/lib/node_modules/bower/node_modules/update-notifier/node_modules/configstore/node_modules/uuid
306 warn checkPermissions Missing write access to /usr/lib/node_modules/bower/node_modules/update-notifier/node_modules/configstore/node_modules/write-file-atomic/node_modules/imurmurhash
307 warn checkPermissions Missing write access to /usr/lib/node_modules/bower/node_modules/update-notifier/node_modules/configstore/node_modules/write-file-atomic/node_modules/slide
308 warn checkPermissions Missing write access to /usr/lib/node_modules/bower/node_modules/update-notifier/node_modules/configstore/node_modules/write-file-atomic
309 warn checkPermissions Missing write access to /usr/lib/node_modules/bower/node_modules/update-notifier/node_modules/configstore/node_modules/xdg-basedir/node_modules/os-homedir
310 warn checkPermissions Missing write access to /usr/lib/node_modules/bower/node_modules/update-notifier/node_modules/configstore/node_modules/xdg-basedir
311 warn checkPermissions Missing write access to /usr/lib/node_modules/bower/node_modules/update-notifier/node_modules/configstore
312 warn checkPermissions Missing write access to /usr/lib/node_modules/bower/node_modules/update-notifier/node_modules/is-npm
313 warn checkPermissions Missing write access to /usr/lib/node_modules/bower/node_modules/update-notifier/node_modules/latest-version/node_modules/package-json/node_modules/got/node_modules/create-error-class/node_modules/capture-stack-trace
314 warn checkPermissions Missing write access to /usr/lib/node_modules/bower/node_modules/update-notifier/node_modules/latest-version/node_modules/package-json/node_modules/got/node_modules/create-error-class/node_modules/inherits
315 warn checkPermissions Missing write access to /usr/lib/node_modules/bower/node_modules/update-notifier/node_modules/latest-version/node_modules/package-json/node_modules/got/node_modules/create-error-class
316 warn checkPermissions Missing write access to /usr/lib/node_modules/bower/node_modules/update-notifier/node_modules/latest-version/node_modules/package-json/node_modules/got/node_modules/duplexify/node_modules/end-of-stream/node_modules/once/node_modules/wrappy
317 warn checkPermissions Missing write access to /usr/lib/node_modules/bower/node_modules/update-notifier/node_modules/latest-version/node_modules/package-json/node_modules/got/node_modules/duplexify/node_modules/end-of-stream/node_modules/once
318 warn checkPermissions Missing write access to /usr/lib/node_modules/bower/node_modules/update-notifier/node_modules/latest-version/node_modules/package-json/node_modules/got/node_modules/duplexify/node_modules/end-of-stream
319 warn checkPermissions Missing write access to /usr/lib/node_modules/bower/node_modules/update-notifier/node_modules/latest-version/node_modules/package-json/node_modules/got/node_modules/duplexify/node_modules/readable-stream/node_modules/core-util-is
320 warn checkPermissions Missing write access to /usr/lib/node_modules/bower/node_modules/update-notifier/node_modules/latest-version/node_modules/package-json/node_modules/got/node_modules/duplexify/node_modules/readable-stream/node_modules/inherits
321 warn checkPermissions Missing write access to /usr/lib/node_modules/bower/node_modules/update-notifier/node_modules/latest-version/node_modules/package-json/node_modules/got/node_modules/duplexify/node_modules/readable-stream/node_modules/isarray
322 warn checkPermissions Missing write access to /usr/lib/node_modules/bower/node_modules/update-notifier/node_modules/latest-version/node_modules/package-json/node_modules/got/node_modules/duplexify/node_modules/readable-stream/node_modules/process-nextick-args
323 warn checkPermissions Missing write access to /usr/lib/node_modules/bower/node_modules/update-notifier/node_modules/latest-version/node_modules/package-json/node_modules/got/node_modules/duplexify/node_modules/readable-stream/node_modules/string_decoder
324 warn checkPermissions Missing write access to /usr/lib/node_modules/bower/node_modules/update-notifier/node_modules/latest-version/node_modules/package-json/node_modules/got/node_modules/duplexify/node_modules/readable-stream/node_modules/util-deprecate
325 warn checkPermissions Missing write access to /usr/lib/node_modules/bower/node_modules/update-notifier/node_modules/latest-version/node_modules/package-json/node_modules/got/node_modules/duplexify/node_modules/readable-stream
326 warn checkPermissions Missing write access to /usr/lib/node_modules/bower/node_modules/update-notifier/node_modules/latest-version/node_modules/package-json/node_modules/got/node_modules/duplexify
327 warn checkPermissions Missing write access to /usr/lib/node_modules/bower/node_modules/update-notifier/node_modules/latest-version/node_modules/package-json/node_modules/got/node_modules/is-plain-obj
328 warn checkPermissions Missing write access to /usr/lib/node_modules/bower/node_modules/update-notifier/node_modules/latest-version/node_modules/package-json/node_modules/got/node_modules/is-redirect
329 warn checkPermissions Missing write access to /usr/lib/node_modules/bower/node_modules/update-notifier/node_modules/latest-version/node_modules/package-json/node_modules/got/node_modules/is-stream
330 warn checkPermissions Missing write access to /usr/lib/node_modules/bower/node_modules/update-notifier/node_modules/latest-version/node_modules/package-json/node_modules/got/node_modules/lowercase-keys
331 warn checkPermissions Missing write access to /usr/lib/node_modules/bower/node_modules/update-notifier/node_modules/latest-version/node_modules/package-json/node_modules/got/node_modules/node-status-codes
332 warn checkPermissions Missing write access to /usr/lib/node_modules/bower/node_modules/update-notifier/node_modules/latest-version/node_modules/package-json/node_modules/got/node_modules/object-assign
333 warn checkPermissions Missing write access to /usr/lib/node_modules/bower/node_modules/update-notifier/node_modules/latest-version/node_modules/package-json/node_modules/got/node_modules/parse-json/node_modules/error-ex/node_modules/is-arrayish
334 warn checkPermissions Missing write access to /usr/lib/node_modules/bower/node_modules/update-notifier/node_modules/latest-version/node_modules/package-json/node_modules/got/node_modules/parse-json/node_modules/error-ex
335 warn checkPermissions Missing write access to /usr/lib/node_modules/bower/node_modules/update-notifier/node_modules/latest-version/node_modules/package-json/node_modules/got/node_modules/parse-json
336 warn checkPermissions Missing write access to /usr/lib/node_modules/bower/node_modules/update-notifier/node_modules/latest-version/node_modules/package-json/node_modules/got/node_modules/pinkie-promise/node_modules/pinkie
337 warn checkPermissions Missing write access to /usr/lib/node_modules/bower/node_modules/update-notifier/node_modules/latest-version/node_modules/package-json/node_modules/got/node_modules/pinkie-promise
338 warn checkPermissions Missing write access to /usr/lib/node_modules/bower/node_modules/update-notifier/node_modules/latest-version/node_modules/package-json/node_modules/got/node_modules/read-all-stream/node_modules/pinkie-promise/node_modules/pinkie
339 warn checkPermissions Missing write access to /usr/lib/node_modules/bower/node_modules/update-notifier/node_modules/latest-version/node_modules/package-json/node_modules/got/node_modules/read-all-stream/node_modules/pinkie-promise
340 warn checkPermissions Missing write access to /usr/lib/node_modules/bower/node_modules/update-notifier/node_modules/latest-version/node_modules/package-json/node_modules/got/node_modules/read-all-stream/node_modules/readable-stream/node_modules/core-util-is
341 warn checkPermissions Missing write access to /usr/lib/node_modules/bower/node_modules/update-notifier/node_modules/latest-version/node_modules/package-json/node_modules/got/node_modules/read-all-stream/node_modules/readable-stream/node_modules/inherits
342 warn checkPermissions Missing write access to /usr/lib/node_modules/bower/node_modules/update-notifier/node_modules/latest-version/node_modules/package-json/node_modules/got/node_modules/read-all-stream/node_modules/readable-stream/node_modules/isarray
343 warn checkPermissions Missing write access to /usr/lib/node_modules/bower/node_modules/update-notifier/node_modules/latest-version/node_modules/package-json/node_modules/got/node_modules/read-all-stream/node_modules/readable-stream/node_modules/process-nextick-args
344 warn checkPermissions Missing write access to /usr/lib/node_modules/bower/node_modules/update-notifier/node_modules/latest-version/node_modules/package-json/node_modules/got/node_modules/read-all-stream/node_modules/readable-stream/node_modules/string_decoder
345 warn checkPermissions Missing write access to /usr/lib/node_modules/bower/node_modules/update-notifier/node_modules/latest-version/node_modules/package-json/node_modules/got/node_modules/read-all-stream/node_modules/readable-stream/node_modules/util-deprecate
346 warn checkPermissions Missing write access to /usr/lib/node_modules/bower/node_modules/update-notifier/node_modules/latest-version/node_modules/package-json/node_modules/got/node_modules/read-all-stream/node_modules/readable-stream
347 warn checkPermissions Missing write access to /usr/lib/node_modules/bower/node_modules/update-notifier/node_modules/latest-version/node_modules/package-json/node_modules/got/node_modules/read-all-stream
348 warn checkPermissions Missing write access to /usr/lib/node_modules/bower/node_modules/update-notifier/node_modules/latest-version/node_modules/package-json/node_modules/got/node_modules/timed-out
349 warn checkPermissions Missing write access to /usr/lib/node_modules/bower/node_modules/update-notifier/node_modules/latest-version/node_modules/package-json/node_modules/got/node_modules/unzip-response
350 warn checkPermissions Missing write access to /usr/lib/node_modules/bower/node_modules/update-notifier/node_modules/latest-version/node_modules/package-json/node_modules/got/node_modules/url-parse-lax/node_modules/prepend-http
351 warn checkPermissions Missing write access to /usr/lib/node_modules/bower/node_modules/update-notifier/node_modules/latest-version/node_modules/package-json/node_modules/got/node_modules/url-parse-lax
352 warn checkPermissions Missing write access to /usr/lib/node_modules/bower/node_modules/update-notifier/node_modules/latest-version/node_modules/package-json/node_modules/got
353 warn checkPermissions Missing write access to /usr/lib/node_modules/bower/node_modules/update-notifier/node_modules/latest-version/node_modules/package-json/node_modules/rc/node_modules/deep-extend
354 warn checkPermissions Missing write access to /usr/lib/node_modules/bower/node_modules/update-notifier/node_modules/latest-version/node_modules/package-json/node_modules/rc/node_modules/ini
355 warn checkPermissions Missing write access to /usr/lib/node_modules/bower/node_modules/update-notifier/node_modules/latest-version/node_modules/package-json/node_modules/rc/node_modules/minimist
356 warn checkPermissions Missing write access to /usr/lib/node_modules/bower/node_modules/update-notifier/node_modules/latest-version/node_modules/package-json/node_modules/rc/node_modules/strip-json-comments
357 warn checkPermissions Missing write access to /usr/lib/node_modules/bower/node_modules/update-notifier/node_modules/latest-version/node_modules/package-json/node_modules/rc
358 warn checkPermissions Missing write access to /usr/lib/node_modules/bower/node_modules/update-notifier/node_modules/latest-version/node_modules/package-json/node_modules/registry-url
359 warn checkPermissions Missing write access to /usr/lib/node_modules/bower/node_modules/update-notifier/node_modules/latest-version/node_modules/package-json/node_modules/semver
360 warn checkPermissions Missing write access to /usr/lib/node_modules/bower/node_modules/update-notifier/node_modules/latest-version/node_modules/package-json
361 warn checkPermissions Missing write access to /usr/lib/node_modules/bower/node_modules/update-notifier/node_modules/latest-version
362 warn checkPermissions Missing write access to /usr/lib/node_modules/bower/node_modules/update-notifier/node_modules/repeating/node_modules/is-finite/node_modules/number-is-nan
363 warn checkPermissions Missing write access to /usr/lib/node_modules/bower/node_modules/update-notifier/node_modules/repeating/node_modules/is-finite
364 warn checkPermissions Missing write access to /usr/lib/node_modules/bower/node_modules/update-notifier/node_modules/repeating
365 warn checkPermissions Missing write access to /usr/lib/node_modules/bower/node_modules/update-notifier/node_modules/semver-diff/node_modules/semver
366 warn checkPermissions Missing write access to /usr/lib/node_modules/bower/node_modules/update-notifier/node_modules/semver-diff
367 warn checkPermissions Missing write access to /usr/lib/node_modules/bower/node_modules/update-notifier/node_modules/string-length/node_modules/strip-ansi/node_modules/ansi-regex
368 warn checkPermissions Missing write access to /usr/lib/node_modules/bower/node_modules/update-notifier/node_modules/string-length/node_modules/strip-ansi
369 warn checkPermissions Missing write access to /usr/lib/node_modules/bower/node_modules/update-notifier/node_modules/string-length
370 warn checkPermissions Missing write access to /usr/lib/node_modules/bower/node_modules/update-notifier
371 warn checkPermissions Missing write access to /usr/lib/node_modules/bower/node_modules/user-home
372 warn checkPermissions Missing write access to /usr/lib/node_modules/bower/node_modules/configstore/node_modules/xdg-basedir
373 warn checkPermissions Missing write access to /usr/lib/node_modules/bower/node_modules/configstore
374 warn checkPermissions Missing write access to /usr/lib/node_modules/bower/node_modules/which/node_modules/is-absolute/node_modules/is-relative
375 warn checkPermissions Missing write access to /usr/lib/node_modules/bower/node_modules/which/node_modules/is-absolute
376 warn checkPermissions Missing write access to /usr/lib/node_modules/bower/node_modules/which
377 warn checkPermissions Missing write access to /usr/lib/node_modules/bower
378 warn checkPermissions Missing write access to /usr/lib/node_modules/bower/node_modules
379 warn checkPermissions Missing write access to /usr/lib/node_modules/bower/node_modules/bower-config/node_modules
380 warn checkPermissions Missing write access to /usr/lib/node_modules/bower/node_modules/bower-config/node_modules/optimist/node_modules
381 warn checkPermissions Missing write access to /usr/lib/node_modules/bower/node_modules/bower-config/node_modules/osenv/node_modules
382 warn checkPermissions Missing write access to /usr/lib/node_modules/bower/node_modules/bower-config/node_modules/untildify/node_modules
383 warn checkPermissions Missing write access to /usr/lib/node_modules/bower/node_modules/bower-json/node_modules
384 warn checkPermissions Missing write access to /usr/lib/node_modules/bower/node_modules/bower-registry-client/node_modules
385 warn checkPermissions Missing write access to /usr/lib/node_modules/bower/node_modules/cardinal/node_modules
386 warn checkPermissions Missing write access to /usr/lib/node_modules/bower/node_modules/cardinal/node_modules/redeyed/node_modules
387 warn checkPermissions Missing write access to /usr/lib/node_modules/bower/node_modules/chalk/node_modules
388 warn checkPermissions Missing write access to /usr/lib/node_modules/bower/node_modules/chalk/node_modules/has-ansi/node_modules
389 warn checkPermissions Missing write access to /usr/lib/node_modules/bower/node_modules/chalk/node_modules/strip-ansi/node_modules
390 warn checkPermissions Missing write access to /usr/lib/node_modules/bower/node_modules/configstore/node_modules/js-yaml/node_modules/argparse/node_modules
391 warn checkPermissions Missing write access to /usr/lib/node_modules/bower/node_modules/configstore/node_modules/js-yaml/node_modules
392 warn checkPermissions Missing write access to /usr/lib/node_modules/bower/node_modules/configstore/node_modules
393 warn checkPermissions Missing write access to /usr/lib/node_modules/bower/node_modules/configstore/node_modules/osenv/node_modules
394 warn checkPermissions Missing write access to /usr/lib/node_modules/bower/node_modules/decompress-zip/node_modules/binary/node_modules
395 warn checkPermissions Missing write access to /usr/lib/node_modules/bower/node_modules/decompress-zip/node_modules/binary/node_modules/chainsaw/node_modules
396 warn checkPermissions Missing write access to /usr/lib/node_modules/bower/node_modules/decompress-zip/node_modules
397 warn checkPermissions Missing write access to /usr/lib/node_modules/bower/node_modules/decompress-zip/node_modules/readable-stream/node_modules
398 warn checkPermissions Missing write access to /usr/lib/node_modules/bower/node_modules/decompress-zip/node_modules/touch/node_modules
399 warn checkPermissions Missing write access to /usr/lib/node_modules/bower/node_modules/fs-write-stream-atomic/node_modules
400 warn checkPermissions Missing write access to /usr/lib/node_modules/bower/node_modules/fs-write-stream-atomic/node_modules/readable-stream/node_modules
401 warn checkPermissions Missing write access to /usr/lib/node_modules/bower/node_modules/fstream-ignore/node_modules
402 warn checkPermissions Missing write access to /usr/lib/node_modules/bower/node_modules/fstream-ignore/node_modules/minimatch/node_modules/brace-expansion/node_modules
403 warn checkPermissions Missing write access to /usr/lib/node_modules/bower/node_modules/fstream-ignore/node_modules/minimatch/node_modules
404 warn checkPermissions Missing write access to /usr/lib/node_modules/bower/node_modules/fstream/node_modules
405 warn checkPermissions Missing write access to /usr/lib/node_modules/bower/node_modules/github/node_modules
406 warn checkPermissions Missing write access to /usr/lib/node_modules/bower/node_modules/glob/node_modules/inflight/node_modules
407 warn checkPermissions Missing write access to /usr/lib/node_modules/bower/node_modules/glob/node_modules
408 warn checkPermissions Missing write access to /usr/lib/node_modules/bower/node_modules/glob/node_modules/minimatch/node_modules/brace-expansion/node_modules
409 warn checkPermissions Missing write access to /usr/lib/node_modules/bower/node_modules/glob/node_modules/minimatch/node_modules
410 warn checkPermissions Missing write access to /usr/lib/node_modules/bower/node_modules/glob/node_modules/once/node_modules
411 warn checkPermissions Missing write access to /usr/lib/node_modules/bower/node_modules/handlebars/node_modules/optimist/node_modules
412 warn checkPermissions Missing write access to /usr/lib/node_modules/bower/node_modules/handlebars/node_modules
413 warn checkPermissions Missing write access to /usr/lib/node_modules/bower/node_modules/handlebars/node_modules/uglify-js/node_modules
414 warn checkPermissions Missing write access to /usr/lib/node_modules/bower/node_modules/handlebars/node_modules/uglify-js/node_modules/source-map/node_modules
415 warn checkPermissions Missing write access to /usr/lib/node_modules/bower/node_modules/inquirer/node_modules
416 warn checkPermissions Missing write access to /usr/lib/node_modules/bower/node_modules/inquirer/node_modules/cli-cursor/node_modules/restore-cursor/node_modules
417 warn checkPermissions Missing write access to /usr/lib/node_modules/bower/node_modules/inquirer/node_modules/cli-cursor/node_modules
418 warn checkPermissions Missing write access to /usr/lib/node_modules/bower/node_modules/inquirer/node_modules/readline2/node_modules/code-point-at/node_modules
419 warn checkPermissions Missing write access to /usr/lib/node_modules/bower/node_modules/inquirer/node_modules/readline2/node_modules
420 warn checkPermissions Missing write access to /usr/lib/node_modules/bower/node_modules/inquirer/node_modules/readline2/node_modules/is-fullwidth-code-point/node_modules
421 warn checkPermissions Missing write access to /usr/lib/node_modules/bower/node_modules/inquirer/node_modules/run-async/node_modules/once/node_modules
422 warn checkPermissions Missing write access to /usr/lib/node_modules/bower/node_modules/inquirer/node_modules/run-async/node_modules
423 warn checkPermissions Missing write access to /usr/lib/node_modules/bower/node_modules/insight/node_modules
424 warn checkPermissions Missing write access to /usr/lib/node_modules/bower/node_modules/insight/node_modules/configstore/node_modules
425 warn checkPermissions Missing write access to /usr/lib/node_modules/bower/node_modules/insight/node_modules/configstore/node_modules/osenv/node_modules
426 warn checkPermissions Missing write access to /usr/lib/node_modules/bower/node_modules/insight/node_modules/configstore/node_modules/write-file-atomic/node_modules
427 warn checkPermissions Missing write access to /usr/lib/node_modules/bower/node_modules/insight/node_modules/configstore/node_modules/xdg-basedir/node_modules
428 warn checkPermissions Missing write access to /usr/lib/node_modules/bower/node_modules/insight/node_modules/lodash.debounce/node_modules
429 warn checkPermissions Missing write access to /usr/lib/node_modules/bower/node_modules/insight/node_modules/os-name/node_modules/osx-release/node_modules
430 warn checkPermissions Missing write access to /usr/lib/node_modules/bower/node_modules/insight/node_modules/os-name/node_modules
431 warn checkPermissions Missing write access to /usr/lib/node_modules/bower/node_modules/insight/node_modules/os-name/node_modules/win-release/node_modules
432 warn checkPermissions Missing write access to /usr/lib/node_modules/bower/node_modules/md5-hex/node_modules
433 warn checkPermissions Missing write access to /usr/lib/node_modules/bower/node_modules/mkdirp/node_modules
434 warn checkPermissions Missing write access to /usr/lib/node_modules/bower/node_modules/p-throttler/node_modules
435 warn checkPermissions Missing write access to /usr/lib/node_modules/bower/node_modules/promptly/node_modules/read/node_modules
436 warn checkPermissions Missing write access to /usr/lib/node_modules/bower/node_modules/promptly/node_modules
437 warn checkPermissions Missing write access to /usr/lib/node_modules/bower/node_modules/request-progress/node_modules
438 warn checkPermissions Missing write access to /usr/lib/node_modules/bower/node_modules/request/node_modules
439 warn checkPermissions Missing write access to /usr/lib/node_modules/bower/node_modules/request/node_modules/bl/node_modules/readable-stream/node_modules
440 warn checkPermissions Missing write access to /usr/lib/node_modules/bower/node_modules/request/node_modules/bl/node_modules
441 warn checkPermissions Missing write access to /usr/lib/node_modules/bower/node_modules/request/node_modules/combined-stream/node_modules
442 warn checkPermissions Missing write access to /usr/lib/node_modules/bower/node_modules/request/node_modules/form-data/node_modules
443 warn checkPermissions Missing write access to /usr/lib/node_modules/bower/node_modules/request/node_modules/hawk/node_modules
444 warn checkPermissions Missing write access to /usr/lib/node_modules/bower/node_modules/request/node_modules/http-signature/node_modules
445 warn checkPermissions Missing write access to /usr/lib/node_modules/bower/node_modules/request/node_modules/mime-types/node_modules
446 warn checkPermissions Missing write access to /usr/lib/node_modules/bower/node_modules/rimraf/node_modules/glob/node_modules/inflight/node_modules
447 warn checkPermissions Missing write access to /usr/lib/node_modules/bower/node_modules/rimraf/node_modules/glob/node_modules
448 warn checkPermissions Missing write access to /usr/lib/node_modules/bower/node_modules/rimraf/node_modules/glob/node_modules/minimatch/node_modules/brace-expansion/node_modules
449 warn checkPermissions Missing write access to /usr/lib/node_modules/bower/node_modules/rimraf/node_modules/glob/node_modules/minimatch/node_modules
450 warn checkPermissions Missing write access to /usr/lib/node_modules/bower/node_modules/rimraf/node_modules/glob/node_modules/once/node_modules
451 warn checkPermissions Missing write access to /usr/lib/node_modules/bower/node_modules/rimraf/node_modules
452 warn checkPermissions Missing write access to /usr/lib/node_modules/bower/node_modules/shell-quote/node_modules
453 warn checkPermissions Missing write access to /usr/lib/node_modules/bower/node_modules/tar-fs/node_modules/pump/node_modules/once/node_modules
454 warn checkPermissions Missing write access to /usr/lib/node_modules/bower/node_modules/tar-fs/node_modules/pump/node_modules
455 warn checkPermissions Missing write access to /usr/lib/node_modules/bower/node_modules/tar-fs/node_modules
456 warn checkPermissions Missing write access to /usr/lib/node_modules/bower/node_modules/tar-fs/node_modules/tar-stream/node_modules/end-of-stream/node_modules/once/node_modules
457 warn checkPermissions Missing write access to /usr/lib/node_modules/bower/node_modules/tar-fs/node_modules/tar-stream/node_modules/end-of-stream/node_modules
458 warn checkPermissions Missing write access to /usr/lib/node_modules/bower/node_modules/tar-fs/node_modules/tar-stream/node_modules
459 warn checkPermissions Missing write access to /usr/lib/node_modules/bower/node_modules/tar-fs/node_modules/tar-stream/node_modules/readable-stream/node_modules
460 warn checkPermissions Missing write access to /usr/lib/node_modules/bower/node_modules/update-notifier/node_modules/configstore/node_modules
461 warn checkPermissions Missing write access to /usr/lib/node_modules/bower/node_modules/update-notifier/node_modules/configstore/node_modules/osenv/node_modules
462 warn checkPermissions Missing write access to /usr/lib/node_modules/bower/node_modules/update-notifier/node_modules/configstore/node_modules/write-file-atomic/node_modules
463 warn checkPermissions Missing write access to /usr/lib/node_modules/bower/node_modules/update-notifier/node_modules/configstore/node_modules/xdg-basedir/node_modules
464 warn checkPermissions Missing write access to /usr/lib/node_modules/bower/node_modules/update-notifier/node_modules
465 warn checkPermissions Missing write access to /usr/lib/node_modules/bower/node_modules/update-notifier/node_modules/latest-version/node_modules/package-json/node_modules/got/node_modules/create-error-class/node_modules
466 warn checkPermissions Missing write access to /usr/lib/node_modules/bower/node_modules/update-notifier/node_modules/latest-version/node_modules/package-json/node_modules/got/node_modules
467 warn checkPermissions Missing write access to /usr/lib/node_modules/bower/node_modules/update-notifier/node_modules/latest-version/node_modules/package-json/node_modules/got/node_modules/duplexify/node_modules/end-of-stream/node_modules/once/node_modules
468 warn checkPermissions Missing write access to /usr/lib/node_modules/bower/node_modules/update-notifier/node_modules/latest-version/node_modules/package-json/node_modules/got/node_modules/duplexify/node_modules/end-of-stream/node_modules
469 warn checkPermissions Missing write access to /usr/lib/node_modules/bower/node_modules/update-notifier/node_modules/latest-version/node_modules/package-json/node_modules/got/node_modules/duplexify/node_modules
470 warn checkPermissions Missing write access to /usr/lib/node_modules/bower/node_modules/update-notifier/node_modules/latest-version/node_modules/package-json/node_modules/got/node_modules/duplexify/node_modules/readable-stream/node_modules
471 warn checkPermissions Missing write access to /usr/lib/node_modules/bower/node_modules/update-notifier/node_modules/latest-version/node_modules/package-json/node_modules/got/node_modules/parse-json/node_modules/error-ex/node_modules
472 warn checkPermissions Missing write access to /usr/lib/node_modules/bower/node_modules/update-notifier/node_modules/latest-version/node_modules/package-json/node_modules/got/node_modules/parse-json/node_modules
473 warn checkPermissions Missing write access to /usr/lib/node_modules/bower/node_modules/update-notifier/node_modules/latest-version/node_modules/package-json/node_modules/got/node_modules/pinkie-promise/node_modules
474 warn checkPermissions Missing write access to /usr/lib/node_modules/bower/node_modules/update-notifier/node_modules/latest-version/node_modules/package-json/node_modules/got/node_modules/read-all-stream/node_modules/pinkie-promise/node_modules
475 warn checkPermissions Missing write access to /usr/lib/node_modules/bower/node_modules/update-notifier/node_modules/latest-version/node_modules/package-json/node_modules/got/node_modules/read-all-stream/node_modules
476 warn checkPermissions Missing write access to /usr/lib/node_modules/bower/node_modules/update-notifier/node_modules/latest-version/node_modules/package-json/node_modules/got/node_modules/read-all-stream/node_modules/readable-stream/node_modules
477 warn checkPermissions Missing write access to /usr/lib/node_modules/bower/node_modules/update-notifier/node_modules/latest-version/node_modules/package-json/node_modules/got/node_modules/url-parse-lax/node_modules
478 warn checkPermissions Missing write access to /usr/lib/node_modules/bower/node_modules/update-notifier/node_modules/latest-version/node_modules/package-json/node_modules
479 warn checkPermissions Missing write access to /usr/lib/node_modules/bower/node_modules/update-notifier/node_modules/latest-version/node_modules/package-json/node_modules/rc/node_modules
480 warn checkPermissions Missing write access to /usr/lib/node_modules/bower/node_modules/update-notifier/node_modules/latest-version/node_modules
481 warn checkPermissions Missing write access to /usr/lib/node_modules/bower/node_modules/update-notifier/node_modules/repeating/node_modules/is-finite/node_modules
482 warn checkPermissions Missing write access to /usr/lib/node_modules/bower/node_modules/update-notifier/node_modules/repeating/node_modules
483 warn checkPermissions Missing write access to /usr/lib/node_modules/bower/node_modules/update-notifier/node_modules/semver-diff/node_modules
484 warn checkPermissions Missing write access to /usr/lib/node_modules/bower/node_modules/update-notifier/node_modules/string-length/node_modules/strip-ansi/node_modules
485 warn checkPermissions Missing write access to /usr/lib/node_modules/bower/node_modules/update-notifier/node_modules/string-length/node_modules
486 warn checkPermissions Missing write access to /usr/lib/node_modules/bower/node_modules/which/node_modules/is-absolute/node_modules
487 warn checkPermissions Missing write access to /usr/lib/node_modules/bower/node_modules/which/node_modules
488 warn checkPermissions Missing write access to /usr/lib/node_modules
489 silly rollbackFailedOptional Starting
490 silly rollbackFailedOptional Finishing
491 silly runTopLevelLifecycles Starting
492 silly runTopLevelLifecycles Finishing
493 silly install printInstalled
494 verbose stack Error: EACCES, access '/usr/lib/node_modules/bower/node_modules/abbrev'
494 verbose stack     at module.exports (/usr/lib/node_modules/npm/lib/install/access-error.js:4:18)
494 verbose stack     at /usr/lib/node_modules/npm/lib/install/writable.js:30:25
494 verbose stack     at /usr/lib/node_modules/npm/node_modules/graceful-fs/graceful-fs.js:230:16
494 verbose stack     at Object.oncomplete (fs.js:108:15)
495 verbose cwd /var/www/html/OSS_Connect
496 error Linux 3.13.0-86-generic
497 error argv "node" "/usr/bin/npm" "install" "-g" "bower"
498 error node v0.10.37
499 error npm  v3.5.2
500 error path /usr/lib/node_modules/bower/node_modules/abbrev
501 error code EACCES
502 error Error: EACCES, access '/usr/lib/node_modules/bower/node_modules/abbrev'
502 error     at module.exports (/usr/lib/node_modules/npm/lib/install/access-error.js:4:18)
502 error     at /usr/lib/node_modules/npm/lib/install/writable.js:30:25
502 error     at /usr/lib/node_modules/npm/node_modules/graceful-fs/graceful-fs.js:230:16
502 error     at Object.oncomplete (fs.js:108:15)
502 error  { [Error: EACCES, access '/usr/lib/node_modules/bower/node_modules/abbrev']
502 error   code: 'EACCES',
502 error   path: '/usr/lib/node_modules/bower/node_modules/abbrev' }
503 error Please try running this command again as root/Administrator.
504 verbose exit [ 1, true ]
